<?xml version="1.0" encoding="UTF-8"?>
<testng-results ignored="0" total="1" passed="1" failed="0" skipped="0">
  <reporter-output>
  </reporter-output>
  <suite started-at="2024-10-15T11:14:41 IST" name="Default suite" finished-at="2024-10-15T11:14:47 IST" duration-ms="6161">
    <groups>
    </groups>
    <test started-at="2024-10-15T11:14:41 IST" name="Default test" finished-at="2024-10-15T11:14:47 IST" duration-ms="6161">
      <class name="selenium_prog.RightClick_RobotClass">
        <test-method signature="rightClick()[pri:0, instance:selenium_prog.RightClick_RobotClass@3d6f0054]" started-at="2024-10-15T11:14:41 IST" name="rightClick" finished-at="2024-10-15T11:14:47 IST" duration-ms="6122" status="PASS">
          <reporter-output>
          </reporter-output>
        </test-method> <!-- rightClick -->
      </class> <!-- selenium_prog.RightClick_RobotClass -->
    </test> <!-- Default test -->
  </suite> <!-- Default suite -->
</testng-results>
