<?xml version="1.0" encoding="UTF-8"?>
<testng-results ignored="0" total="2" passed="2" failed="0" skipped="0">
  <reporter-output>
  </reporter-output>
  <suite started-at="2024-09-20T18:38:31 IST" name="Suite" finished-at="2024-09-20T18:39:06 IST" duration-ms="35267">
    <groups>
    </groups>
    <test started-at="2024-09-20T18:38:31 IST" name="Test" finished-at="2024-09-20T18:39:06 IST" duration-ms="35267">
      <class name="seleniumM.ProjectSelenium.Amz_TC1Registration">
        <test-method is-config="true" signature="Launch()[pri:0, instance:seleniumM.ProjectSelenium.Amz_TC1Registration@741a8937]" started-at="2024-09-20T18:38:31 IST" name="Launch" finished-at="2024-09-20T18:38:47 IST" duration-ms="15480" status="PASS">
          <reporter-output>
          </reporter-output>
        </test-method> <!-- Launch -->
        <test-method signature="regiesterwithAmazon()[pri:0, instance:seleniumM.ProjectSelenium.Amz_TC1Registration@741a8937]" started-at="2024-09-20T18:38:47 IST" name="regiesterwithAmazon" finished-at="2024-09-20T18:38:51 IST" duration-ms="4170" status="PASS">
          <reporter-output>
          </reporter-output>
        </test-method> <!-- regiesterwithAmazon -->
        <test-method is-config="true" signature="quit()[pri:0, instance:seleniumM.ProjectSelenium.Amz_TC1Registration@741a8937]" started-at="2024-09-20T18:38:51 IST" name="quit" finished-at="2024-09-20T18:38:51 IST" duration-ms="0" status="PASS">
          <reporter-output>
          </reporter-output>
        </test-method> <!-- quit -->
      </class> <!-- seleniumM.ProjectSelenium.Amz_TC1Registration -->
      <class name="seleniumM.ProjectSelenium.Amz_TC2_ValidLogin">
        <test-method is-config="true" signature="Launch()[pri:0, instance:seleniumM.ProjectSelenium.Amz_TC2_ValidLogin@201a4587]" started-at="2024-09-20T18:38:51 IST" name="Launch" finished-at="2024-09-20T18:39:01 IST" duration-ms="10152" status="PASS">
          <reporter-output>
          </reporter-output>
        </test-method> <!-- Launch -->
        <test-method signature="validLogin()[pri:0, instance:seleniumM.ProjectSelenium.Amz_TC2_ValidLogin@201a4587]" started-at="2024-09-20T18:39:01 IST" name="validLogin" finished-at="2024-09-20T18:39:06 IST" duration-ms="5413" status="PASS">
          <reporter-output>
          </reporter-output>
        </test-method> <!-- validLogin -->
        <test-method is-config="true" signature="quit()[pri:0, instance:seleniumM.ProjectSelenium.Amz_TC2_ValidLogin@201a4587]" started-at="2024-09-20T18:39:06 IST" name="quit" finished-at="2024-09-20T18:39:06 IST" duration-ms="1" status="PASS">
          <reporter-output>
          </reporter-output>
        </test-method> <!-- quit -->
      </class> <!-- seleniumM.ProjectSelenium.Amz_TC2_ValidLogin -->
    </test> <!-- Test -->
  </suite> <!-- Suite -->
</testng-results>
