<?xml version="1.0" encoding="UTF-8"?>
<!-- Generated by org.testng.reporters.JUnitXMLReporter -->
<testsuite ignored="5" hostname="DESKTOP-3E3VA82" failures="0" tests="1" name="Smoke Test" time="0.069" errors="0" timestamp="2024-10-01T11:58:52 IST">
  <testcase classname="selenium.TestNG.Programs.Grouping_TestNG" name="Test2" time="0.009"/>
  <testcase classname="selenium.TestNG.Programs.Grouping_TestNG" name="Test5" time="0.0">
    <ignored/>
  </testcase> <!-- Test5 -->
  <testcase classname="selenium.TestNG.Programs.Grouping_TestNG" name="Test1" time="0.0">
    <ignored/>
  </testcase> <!-- Test1 -->
  <testcase classname="selenium.TestNG.Programs.Grouping_TestNG" name="Test6" time="0.0">
    <ignored/>
  </testcase> <!-- Test6 -->
  <testcase classname="selenium.TestNG.Programs.Grouping_TestNG" name="Test3" time="0.0">
    <ignored/>
  </testcase> <!-- Test3 -->
  <testcase classname="selenium.TestNG.Programs.Grouping_TestNG" name="Test4" time="0.0">
    <ignored/>
  </testcase> <!-- Test4 -->
</testsuite> <!-- Smoke Test -->
