<?xml version="1.0" encoding="UTF-8"?>
<!-- Generated by org.testng.reporters.JUnitXMLReporter -->
<testsuite ignored="0" hostname="DESKTOP-3E3VA82" failures="0" tests="5" name="Test on edge" time="40.165" errors="0" timestamp="2024-09-10T17:07:31 IST">
  <testcase classname="fb_parallelTest.TC1_FacebookLaunch" name="fblaunch" time="14.169"/>
  <testcase classname="fb_parallelTest.TC1_FacebookLaunch" name="fblaunch" time="6.333"/>
  <testcase classname="fb_parallelTest.TC2FB_Registration" name="FBRegisterForm" time="8.392"/>
  <testcase classname="fb_parallelTest.TC1_FacebookLaunch" name="fblaunch" time="10.926"/>
  <testcase classname="fb_parallelTest.TC3_FBLogin" name="loginFB" time="0.303"/>
</testsuite> <!-- Test on edge -->
