<?xml version="1.0" encoding="UTF-8"?>
<!-- Generated by org.testng.reporters.JUnitXMLReporter -->
<testsuite ignored="0" hostname="DESKTOP-3E3VA82" failures="0" tests="5" name="Test on chrome" time="30.967" errors="0" timestamp="2024-09-10T17:07:22 IST">
  <testcase classname="fb_parallelTest.TC1_FacebookLaunch" name="fblaunch" time="12.316"/>
  <testcase classname="fb_parallelTest.TC1_FacebookLaunch" name="fblaunch" time="3.441"/>
  <testcase classname="fb_parallelTest.TC2FB_Registration" name="FBRegisterForm" time="8.254"/>
  <testcase classname="fb_parallelTest.TC1_FacebookLaunch" name="fblaunch" time="6.652"/>
  <testcase classname="fb_parallelTest.TC3_FBLogin" name="loginFB" time="0.26"/>
</testsuite> <!-- Test on chrome -->
