<?xml version="1.0" encoding="UTF-8"?>
<testng-results ignored="0" total="2" passed="2" failed="0" skipped="0">
  <reporter-output>
  </reporter-output>
  <suite started-at="2024-09-20T16:44:48 IST" name="Suite" finished-at="2024-09-20T16:45:13 IST" duration-ms="25256">
    <groups>
    </groups>
    <test started-at="2024-09-20T16:44:48 IST" name="Test" finished-at="2024-09-20T16:45:13 IST" duration-ms="25256">
      <class name="seleniumM.ProjectSelenium.Amz_TC1Registration">
        <test-method is-config="true" signature="Launch()[pri:0, instance:seleniumM.ProjectSelenium.Amz_TC1Registration@1e04fa0a]" started-at="2024-09-20T16:44:48 IST" name="Launch" finished-at="2024-09-20T16:44:54 IST" duration-ms="6207" status="PASS">
          <reporter-output>
          </reporter-output>
        </test-method> <!-- Launch -->
        <test-method signature="regiesterwithAmazon()[pri:0, instance:seleniumM.ProjectSelenium.Amz_TC1Registration@1e04fa0a]" started-at="2024-09-20T16:44:54 IST" name="regiesterwithAmazon" finished-at="2024-09-20T16:45:01 IST" duration-ms="6799" status="PASS">
          <reporter-output>
          </reporter-output>
        </test-method> <!-- regiesterwithAmazon -->
        <test-method is-config="true" signature="quit()[pri:0, instance:seleniumM.ProjectSelenium.Amz_TC1Registration@1e04fa0a]" started-at="2024-09-20T16:45:01 IST" name="quit" finished-at="2024-09-20T16:45:01 IST" duration-ms="0" status="PASS">
          <reporter-output>
          </reporter-output>
        </test-method> <!-- quit -->
      </class> <!-- seleniumM.ProjectSelenium.Amz_TC1Registration -->
      <class name="seleniumM.ProjectSelenium.Amz_TC2_ValidLogin">
        <test-method is-config="true" signature="Launch()[pri:0, instance:seleniumM.ProjectSelenium.Amz_TC2_ValidLogin@82de64a]" started-at="2024-09-20T16:45:01 IST" name="Launch" finished-at="2024-09-20T16:45:07 IST" duration-ms="6535" status="PASS">
          <reporter-output>
          </reporter-output>
        </test-method> <!-- Launch -->
        <test-method signature="validLogin()[pri:0, instance:seleniumM.ProjectSelenium.Amz_TC2_ValidLogin@82de64a]" started-at="2024-09-20T16:45:07 IST" name="validLogin" finished-at="2024-09-20T16:45:13 IST" duration-ms="5634" status="PASS">
          <reporter-output>
          </reporter-output>
        </test-method> <!-- validLogin -->
        <test-method is-config="true" signature="quit()[pri:0, instance:seleniumM.ProjectSelenium.Amz_TC2_ValidLogin@82de64a]" started-at="2024-09-20T16:45:13 IST" name="quit" finished-at="2024-09-20T16:45:13 IST" duration-ms="0" status="PASS">
          <reporter-output>
          </reporter-output>
        </test-method> <!-- quit -->
      </class> <!-- seleniumM.ProjectSelenium.Amz_TC2_ValidLogin -->
    </test> <!-- Test -->
  </suite> <!-- Suite -->
</testng-results>
